[09/27/2020 08:30:20 AM] [INFO]: Namespace(batch_size=8, checkpoint_path=None, epochs=50, img_size=512, learning_rate=0.001, mixed_prec=False, mode='train', model_save_path='model_weights/unet/exp1', train_dir='data/road_segmentation_ideal/training', train_img_dir='data/road_segmentation_ideal/training/input', train_mask_dir='data/road_segmentation_ideal/training/output', val_img_size=1500)
[09/27/2020 08:30:20 AM] [INFO]: Total samples: 804 Train samples: 704 Val samples: 100
[09/27/2020 08:30:20 AM] [INFO]: Using device: cuda:0
[09/27/2020 08:32:47 AM] [INFO]: Epoch 1: train_loss: 0.7804 val_loss: 0.7655 train_iou: 0.1717 val_iou: 0.1897 train_accuracy: 0.7849 val_accuracy: 0.8195 train_precision: 0.1862 val_precision: 0.2019 train_recall: 0.7681 val_recall: 0.7799 
[09/27/2020 08:32:47 AM] [INFO]: Model saved to path: model_weights/unet/exp1/epoch_1_27-09-2020_08:30:23.pth
[09/27/2020 08:35:11 AM] [INFO]: Epoch 2: train_loss: 0.6439 val_loss: 0.6166 train_iou: 0.2557 val_iou: 0.2587 train_accuracy: 0.9110 val_accuracy: 0.9018 train_precision: 0.3176 val_precision: 0.3027 train_recall: 0.5868 val_recall: 0.6506 
[09/27/2020 08:35:11 AM] [INFO]: Model saved to path: model_weights/unet/exp1/epoch_2_27-09-2020_08:30:23.pth
[09/27/2020 08:37:34 AM] [INFO]: Epoch 3: train_loss: 0.6001 val_loss: 0.8306 train_iou: 0.2631 val_iou: 0.0980 train_accuracy: 0.9239 val_accuracy: 0.9375 train_precision: 0.3527 val_precision: 0.2924 train_recall: 0.5172 val_recall: 0.1318 
[09/27/2020 08:37:35 AM] [INFO]: Model saved to path: model_weights/unet/exp1/epoch_3_27-09-2020_08:30:23.pth
[09/27/2020 08:39:59 AM] [INFO]: Epoch 4: train_loss: 0.6040 val_loss: 0.6265 train_iou: 0.2555 val_iou: 0.2419 train_accuracy: 0.9237 val_accuracy: 0.9520 train_precision: 0.3461 val_precision: 0.5726 train_recall: 0.5073 val_recall: 0.2979 
[09/27/2020 08:39:59 AM] [INFO]: Model saved to path: model_weights/unet/exp1/epoch_4_27-09-2020_08:30:23.pth
[09/27/2020 08:42:22 AM] [INFO]: Epoch 5: train_loss: 0.5090 val_loss: 0.4649 train_iou: 0.3318 val_iou: 0.3785 train_accuracy: 0.9426 val_accuracy: 0.9564 train_precision: 0.4663 val_precision: 0.5861 train_recall: 0.5451 val_recall: 0.5160 
[09/27/2020 08:42:23 AM] [INFO]: Model saved to path: model_weights/unet/exp1/epoch_5_27-09-2020_08:30:23.pth
[09/27/2020 08:44:45 AM] [INFO]: Epoch 6: train_loss: 0.4538 val_loss: 0.5010 train_iou: 0.3825 val_iou: 0.3400 train_accuracy: 0.9527 val_accuracy: 0.9250 train_precision: 0.5399 val_precision: 0.3848 train_recall: 0.5802 val_recall: 0.7483 
[09/27/2020 08:44:45 AM] [INFO]: Model saved to path: model_weights/unet/exp1/epoch_6_27-09-2020_08:30:23.pth
[09/27/2020 08:47:09 AM] [INFO]: Epoch 7: train_loss: 0.4042 val_loss: 0.4859 train_iou: 0.4294 val_iou: 0.3547 train_accuracy: 0.9588 val_accuracy: 0.9290 train_precision: 0.6007 val_precision: 0.3980 train_recall: 0.6143 val_recall: 0.7682 
[09/27/2020 08:47:10 AM] [INFO]: Model saved to path: model_weights/unet/exp1/epoch_7_27-09-2020_08:30:23.pth
[09/27/2020 08:49:33 AM] [INFO]: Epoch 8: train_loss: 0.3753 val_loss: 0.5152 train_iou: 0.4591 val_iou: 0.3320 train_accuracy: 0.9601 val_accuracy: 0.9605 train_precision: 0.6232 val_precision: 0.7304 train_recall: 0.6450 val_recall: 0.3805 
[09/27/2020 08:49:33 AM] [INFO]: Model saved to path: model_weights/unet/exp1/epoch_8_27-09-2020_08:30:23.pth
[09/27/2020 08:51:56 AM] [INFO]: Epoch 9: train_loss: 0.3567 val_loss: 0.3746 train_iou: 0.4787 val_iou: 0.4644 train_accuracy: 0.9627 val_accuracy: 0.9650 train_precision: 0.6441 val_precision: 0.6815 train_recall: 0.6577 val_recall: 0.5916 
[09/27/2020 08:51:56 AM] [INFO]: Model saved to path: model_weights/unet/exp1/epoch_9_27-09-2020_08:30:23.pth
[09/27/2020 08:54:18 AM] [INFO]: Epoch 10: train_loss: 0.3560 val_loss: 0.3842 train_iou: 0.4798 val_iou: 0.4615 train_accuracy: 0.9648 val_accuracy: 0.9619 train_precision: 0.6446 val_precision: 0.6257 train_recall: 0.6598 val_recall: 0.6382 
[09/27/2020 08:54:19 AM] [INFO]: Model saved to path: model_weights/unet/exp1/epoch_10_27-09-2020_08:30:23.pth
[09/27/2020 08:56:41 AM] [INFO]: Epoch 11: train_loss: 0.3405 val_loss: 0.4138 train_iou: 0.4957 val_iou: 0.4349 train_accuracy: 0.9646 val_accuracy: 0.9588 train_precision: 0.6617 val_precision: 0.5947 train_recall: 0.6716 val_recall: 0.6226 
[09/27/2020 08:56:42 AM] [INFO]: Model saved to path: model_weights/unet/exp1/epoch_11_27-09-2020_08:30:23.pth
[09/27/2020 08:59:04 AM] [INFO]: Epoch 12: train_loss: 0.3397 val_loss: 0.3836 train_iou: 0.4968 val_iou: 0.4545 train_accuracy: 0.9654 val_accuracy: 0.9596 train_precision: 0.6623 val_precision: 0.5974 train_recall: 0.6714 val_recall: 0.6589 
[09/27/2020 08:59:04 AM] [INFO]: Model saved to path: model_weights/unet/exp1/epoch_12_27-09-2020_08:30:23.pth
[09/27/2020 09:01:27 AM] [INFO]: Epoch 13: train_loss: 0.3426 val_loss: 0.3482 train_iou: 0.4936 val_iou: 0.4927 train_accuracy: 0.9659 val_accuracy: 0.9663 train_precision: 0.6611 val_precision: 0.6772 train_recall: 0.6692 val_recall: 0.6418 
[09/27/2020 09:01:27 AM] [INFO]: Model saved to path: model_weights/unet/exp1/epoch_13_27-09-2020_08:30:23.pth
[09/27/2020 09:03:49 AM] [INFO]: Epoch 14: train_loss: 0.3296 val_loss: 0.3850 train_iou: 0.5081 val_iou: 0.4540 train_accuracy: 0.9665 val_accuracy: 0.9631 train_precision: 0.6749 val_precision: 0.6399 train_recall: 0.6759 val_recall: 0.6115 
[09/27/2020 09:03:50 AM] [INFO]: Model saved to path: model_weights/unet/exp1/epoch_14_27-09-2020_08:30:23.pth
[09/27/2020 09:06:12 AM] [INFO]: Epoch 15: train_loss: 0.3171 val_loss: 0.3630 train_iou: 0.5214 val_iou: 0.4780 train_accuracy: 0.9678 val_accuracy: 0.9669 train_precision: 0.6873 val_precision: 0.7182 train_recall: 0.6874 val_recall: 0.5892 
[09/27/2020 09:06:13 AM] [INFO]: Model saved to path: model_weights/unet/exp1/epoch_15_27-09-2020_08:30:23.pth
[09/27/2020 09:08:34 AM] [INFO]: Epoch 16: train_loss: 0.3215 val_loss: 0.3347 train_iou: 0.5170 val_iou: 0.5088 train_accuracy: 0.9673 val_accuracy: 0.9667 train_precision: 0.6868 val_precision: 0.6744 train_recall: 0.6832 val_recall: 0.6770 
[09/27/2020 09:08:34 AM] [INFO]: Model saved to path: model_weights/unet/exp1/epoch_16_27-09-2020_08:30:23.pth
[09/27/2020 09:10:56 AM] [INFO]: Epoch 17: train_loss: 0.3089 val_loss: 0.3378 train_iou: 0.5311 val_iou: 0.5044 train_accuracy: 0.9683 val_accuracy: 0.9669 train_precision: 0.6950 val_precision: 0.6799 train_recall: 0.6957 val_recall: 0.6612 
[09/27/2020 09:10:57 AM] [INFO]: Model saved to path: model_weights/unet/exp1/epoch_17_27-09-2020_08:30:23.pth
[09/27/2020 09:13:19 AM] [INFO]: Epoch 18: train_loss: 0.3157 val_loss: 0.4033 train_iou: 0.5234 val_iou: 0.4392 train_accuracy: 0.9686 val_accuracy: 0.9655 train_precision: 0.6976 val_precision: 0.7224 train_recall: 0.6827 val_recall: 0.5305 
[09/27/2020 09:13:19 AM] [INFO]: Model saved to path: model_weights/unet/exp1/epoch_18_27-09-2020_08:30:23.pth
[09/27/2020 09:15:41 AM] [INFO]: Epoch 19: train_loss: 0.3201 val_loss: 0.3388 train_iou: 0.5185 val_iou: 0.5029 train_accuracy: 0.9677 val_accuracy: 0.9678 train_precision: 0.6822 val_precision: 0.7047 train_recall: 0.6892 val_recall: 0.6360 
[09/27/2020 09:15:41 AM] [INFO]: Model saved to path: model_weights/unet/exp1/epoch_19_27-09-2020_08:30:23.pth
[09/27/2020 09:18:03 AM] [INFO]: Epoch 20: train_loss: 0.3112 val_loss: 0.3460 train_iou: 0.5289 val_iou: 0.4948 train_accuracy: 0.9678 val_accuracy: 0.9676 train_precision: 0.7003 val_precision: 0.7163 train_recall: 0.6866 val_recall: 0.6138 
[09/27/2020 09:18:03 AM] [INFO]: Model saved to path: model_weights/unet/exp1/epoch_20_27-09-2020_08:30:23.pth
[09/27/2020 09:20:25 AM] [INFO]: Epoch 21: train_loss: 0.3032 val_loss: 0.3308 train_iou: 0.5373 val_iou: 0.5117 train_accuracy: 0.9687 val_accuracy: 0.9675 train_precision: 0.7073 val_precision: 0.6881 train_recall: 0.6936 val_recall: 0.6640 
[09/27/2020 09:20:25 AM] [INFO]: Model saved to path: model_weights/unet/exp1/epoch_21_27-09-2020_08:30:23.pth
[09/27/2020 09:22:48 AM] [INFO]: Epoch 22: train_loss: 0.3042 val_loss: 0.3477 train_iou: 0.5366 val_iou: 0.4958 train_accuracy: 0.9695 val_accuracy: 0.9676 train_precision: 0.7070 val_precision: 0.7058 train_recall: 0.6935 val_recall: 0.6295 
[09/27/2020 09:22:48 AM] [INFO]: Model saved to path: model_weights/unet/exp1/epoch_22_27-09-2020_08:30:23.pth
[09/27/2020 09:25:10 AM] [INFO]: Epoch 23: train_loss: 0.3025 val_loss: 0.3509 train_iou: 0.5389 val_iou: 0.4892 train_accuracy: 0.9693 val_accuracy: 0.9637 train_precision: 0.7093 val_precision: 0.6245 train_recall: 0.6950 val_recall: 0.6917 
[09/27/2020 09:25:10 AM] [INFO]: Model saved to path: model_weights/unet/exp1/epoch_23_27-09-2020_08:30:23.pth
[09/27/2020 09:27:32 AM] [INFO]: Epoch 24: train_loss: 0.3064 val_loss: 0.3321 train_iou: 0.5341 val_iou: 0.5113 train_accuracy: 0.9689 val_accuracy: 0.9674 train_precision: 0.7012 val_precision: 0.6828 train_recall: 0.6948 val_recall: 0.6701 
[09/27/2020 09:27:33 AM] [INFO]: Model saved to path: model_weights/unet/exp1/epoch_24_27-09-2020_08:30:23.pth
[09/27/2020 09:29:54 AM] [INFO]: Epoch 25: train_loss: 0.3005 val_loss: 0.3335 train_iou: 0.5407 val_iou: 0.5082 train_accuracy: 0.9684 val_accuracy: 0.9680 train_precision: 0.7061 val_precision: 0.7020 train_recall: 0.7007 val_recall: 0.6452 
[09/27/2020 09:29:55 AM] [INFO]: Model saved to path: model_weights/unet/exp1/epoch_25_27-09-2020_08:30:23.pth
[09/27/2020 09:32:19 AM] [INFO]: Epoch 26: train_loss: 0.2992 val_loss: 0.3642 train_iou: 0.5423 val_iou: 0.4764 train_accuracy: 0.9704 val_accuracy: 0.9677 train_precision: 0.7103 val_precision: 0.7448 train_recall: 0.7014 val_recall: 0.5682 
[09/27/2020 09:32:19 AM] [INFO]: Model saved to path: model_weights/unet/exp1/epoch_26_27-09-2020_08:30:23.pth
[09/27/2020 09:34:41 AM] [INFO]: Epoch 27: train_loss: 0.3037 val_loss: 0.3309 train_iou: 0.5385 val_iou: 0.5128 train_accuracy: 0.9697 val_accuracy: 0.9697 train_precision: 0.7106 val_precision: 0.7469 train_recall: 0.6925 val_recall: 0.6204 
[09/27/2020 09:34:41 AM] [INFO]: Model saved to path: model_weights/unet/exp1/epoch_27_27-09-2020_08:30:23.pth
[09/27/2020 09:37:04 AM] [INFO]: Epoch 28: train_loss: 0.2916 val_loss: 0.3197 train_iou: 0.5510 val_iou: 0.5244 train_accuracy: 0.9703 val_accuracy: 0.9686 train_precision: 0.7190 val_precision: 0.7026 train_recall: 0.7047 val_recall: 0.6743 
[09/27/2020 09:37:04 AM] [INFO]: Model saved to path: model_weights/unet/exp1/epoch_28_27-09-2020_08:30:23.pth
[09/27/2020 09:39:27 AM] [INFO]: Epoch 29: train_loss: 0.2923 val_loss: 0.3233 train_iou: 0.5505 val_iou: 0.5204 train_accuracy: 0.9699 val_accuracy: 0.9684 train_precision: 0.7158 val_precision: 0.6982 train_recall: 0.7067 val_recall: 0.6709 
[09/27/2020 09:39:27 AM] [INFO]: Model saved to path: model_weights/unet/exp1/epoch_29_27-09-2020_08:30:23.pth
[09/27/2020 09:41:49 AM] [INFO]: Epoch 30: train_loss: 0.2889 val_loss: 0.3161 train_iou: 0.5547 val_iou: 0.5268 train_accuracy: 0.9713 val_accuracy: 0.9664 train_precision: 0.7224 val_precision: 0.6512 train_recall: 0.7090 val_recall: 0.7341 
[09/27/2020 09:41:49 AM] [INFO]: Model saved to path: model_weights/unet/exp1/epoch_30_27-09-2020_08:30:23.pth
[09/27/2020 09:44:11 AM] [INFO]: Epoch 31: train_loss: 0.2843 val_loss: 0.3192 train_iou: 0.5602 val_iou: 0.5252 train_accuracy: 0.9700 val_accuracy: 0.9696 train_precision: 0.7230 val_precision: 0.7233 train_recall: 0.7149 val_recall: 0.6563 
[09/27/2020 09:44:11 AM] [INFO]: Model saved to path: model_weights/unet/exp1/epoch_31_27-09-2020_08:30:23.pth
[09/27/2020 09:46:33 AM] [INFO]: Epoch 32: train_loss: 0.2960 val_loss: 0.3084 train_iou: 0.5458 val_iou: 0.5377 train_accuracy: 0.9699 val_accuracy: 0.9699 train_precision: 0.7078 val_precision: 0.7077 train_recall: 0.7068 val_recall: 0.6883 
[09/27/2020 09:46:33 AM] [INFO]: Model saved to path: model_weights/unet/exp1/epoch_32_27-09-2020_08:30:23.pth
[09/27/2020 09:48:55 AM] [INFO]: Epoch 33: train_loss: 0.2945 val_loss: 0.3092 train_iou: 0.5480 val_iou: 0.5371 train_accuracy: 0.9702 val_accuracy: 0.9703 train_precision: 0.7153 val_precision: 0.7224 train_recall: 0.7025 val_recall: 0.6752 
[09/27/2020 09:48:55 AM] [INFO]: Model saved to path: model_weights/unet/exp1/epoch_33_27-09-2020_08:30:23.pth
[09/27/2020 09:51:18 AM] [INFO]: Epoch 34: train_loss: 0.2839 val_loss: 0.3218 train_iou: 0.5600 val_iou: 0.5232 train_accuracy: 0.9715 val_accuracy: 0.9692 train_precision: 0.7278 val_precision: 0.7146 train_recall: 0.7102 val_recall: 0.6608 
[09/27/2020 09:51:18 AM] [INFO]: Model saved to path: model_weights/unet/exp1/epoch_34_27-09-2020_08:30:23.pth
[09/27/2020 09:53:40 AM] [INFO]: Epoch 35: train_loss: 0.2832 val_loss: 0.4024 train_iou: 0.5610 val_iou: 0.4427 train_accuracy: 0.9717 val_accuracy: 0.9671 train_precision: 0.7289 val_precision: 0.7949 train_recall: 0.7130 val_recall: 0.5040 
[09/27/2020 09:53:40 AM] [INFO]: Model saved to path: model_weights/unet/exp1/epoch_35_27-09-2020_08:30:23.pth
[09/27/2020 09:56:03 AM] [INFO]: Epoch 36: train_loss: 0.2846 val_loss: 0.3379 train_iou: 0.5598 val_iou: 0.5065 train_accuracy: 0.9717 val_accuracy: 0.9706 train_precision: 0.7300 val_precision: 0.7888 train_recall: 0.7090 val_recall: 0.5858 
[09/27/2020 09:56:03 AM] [INFO]: Model saved to path: model_weights/unet/exp1/epoch_36_27-09-2020_08:30:23.pth
[09/27/2020 09:58:26 AM] [INFO]: Epoch 37: train_loss: 0.2961 val_loss: 0.3230 train_iou: 0.5460 val_iou: 0.5214 train_accuracy: 0.9709 val_accuracy: 0.9701 train_precision: 0.7177 val_precision: 0.7490 train_recall: 0.6981 val_recall: 0.6330 
[09/27/2020 09:58:26 AM] [INFO]: Model saved to path: model_weights/unet/exp1/epoch_37_27-09-2020_08:30:23.pth
[09/27/2020 10:00:49 AM] [INFO]: Epoch 38: train_loss: 0.2836 val_loss: 0.3059 train_iou: 0.5607 val_iou: 0.5411 train_accuracy: 0.9717 val_accuracy: 0.9702 train_precision: 0.7259 val_precision: 0.7202 train_recall: 0.7135 val_recall: 0.6860 
[09/27/2020 10:00:49 AM] [INFO]: Model saved to path: model_weights/unet/exp1/epoch_38_27-09-2020_08:30:23.pth
[09/27/2020 10:03:11 AM] [INFO]: Epoch 39: train_loss: 0.2902 val_loss: 0.3154 train_iou: 0.5531 val_iou: 0.5285 train_accuracy: 0.9709 val_accuracy: 0.9678 train_precision: 0.7231 val_precision: 0.6785 train_recall: 0.7040 val_recall: 0.7074 
[09/27/2020 10:03:11 AM] [INFO]: Model saved to path: model_weights/unet/exp1/epoch_39_27-09-2020_08:30:23.pth
[09/27/2020 10:05:33 AM] [INFO]: Epoch 40: train_loss: 0.2731 val_loss: 0.2990 train_iou: 0.5740 val_iou: 0.5491 train_accuracy: 0.9722 val_accuracy: 0.9706 train_precision: 0.7333 val_precision: 0.7222 train_recall: 0.7262 val_recall: 0.6959 
[09/27/2020 10:05:34 AM] [INFO]: Model saved to path: model_weights/unet/exp1/epoch_40_27-09-2020_08:30:23.pth
[09/27/2020 10:07:56 AM] [INFO]: Epoch 41: train_loss: 0.2837 val_loss: 0.3028 train_iou: 0.5614 val_iou: 0.5460 train_accuracy: 0.9710 val_accuracy: 0.9711 train_precision: 0.7285 val_precision: 0.7317 train_recall: 0.7117 val_recall: 0.6816 
[09/27/2020 10:07:56 AM] [INFO]: Model saved to path: model_weights/unet/exp1/epoch_41_27-09-2020_08:30:23.pth
[09/27/2020 10:10:19 AM] [INFO]: Epoch 42: train_loss: 0.2730 val_loss: 0.3223 train_iou: 0.5737 val_iou: 0.5219 train_accuracy: 0.9717 val_accuracy: 0.9696 train_precision: 0.7344 val_precision: 0.7312 train_recall: 0.7259 val_recall: 0.6469 
[09/27/2020 10:10:19 AM] [INFO]: Model saved to path: model_weights/unet/exp1/epoch_42_27-09-2020_08:30:23.pth
[09/27/2020 10:12:41 AM] [INFO]: Epoch 43: train_loss: 0.2757 val_loss: 0.3248 train_iou: 0.5715 val_iou: 0.5191 train_accuracy: 0.9725 val_accuracy: 0.9693 train_precision: 0.7342 val_precision: 0.7286 train_recall: 0.7208 val_recall: 0.6435 
[09/27/2020 10:12:41 AM] [INFO]: Model saved to path: model_weights/unet/exp1/epoch_43_27-09-2020_08:30:23.pth
[09/27/2020 10:15:03 AM] [INFO]: Epoch 44: train_loss: 0.2768 val_loss: 0.3145 train_iou: 0.5689 val_iou: 0.5320 train_accuracy: 0.9711 val_accuracy: 0.9704 train_precision: 0.7338 val_precision: 0.7347 train_recall: 0.7181 val_recall: 0.6582 
[09/27/2020 10:15:03 AM] [INFO]: Model saved to path: model_weights/unet/exp1/epoch_44_27-09-2020_08:30:23.pth
[09/27/2020 10:17:26 AM] [INFO]: Epoch 45: train_loss: 0.2802 val_loss: 0.3044 train_iou: 0.5650 val_iou: 0.5420 train_accuracy: 0.9722 val_accuracy: 0.9689 train_precision: 0.7351 val_precision: 0.6877 train_recall: 0.7128 val_recall: 0.7190 
[09/27/2020 10:17:26 AM] [INFO]: Model saved to path: model_weights/unet/exp1/epoch_45_27-09-2020_08:30:23.pth
[09/27/2020 10:19:48 AM] [INFO]: Epoch 46: train_loss: 0.2758 val_loss: 0.3028 train_iou: 0.5704 val_iou: 0.5450 train_accuracy: 0.9714 val_accuracy: 0.9703 train_precision: 0.7407 val_precision: 0.7204 train_recall: 0.7147 val_recall: 0.6939 
[09/27/2020 10:19:48 AM] [INFO]: Model saved to path: model_weights/unet/exp1/epoch_46_27-09-2020_08:30:23.pth
[09/27/2020 10:22:10 AM] [INFO]: Epoch 47: train_loss: 0.2767 val_loss: 0.2968 train_iou: 0.5694 val_iou: 0.5519 train_accuracy: 0.9727 val_accuracy: 0.9706 train_precision: 0.7342 val_precision: 0.7093 train_recall: 0.7195 val_recall: 0.7137 
[09/27/2020 10:22:10 AM] [INFO]: Model saved to path: model_weights/unet/exp1/epoch_47_27-09-2020_08:30:23.pth
[09/27/2020 10:24:32 AM] [INFO]: Epoch 48: train_loss: 0.2675 val_loss: 0.3058 train_iou: 0.5805 val_iou: 0.5417 train_accuracy: 0.9730 val_accuracy: 0.9702 train_precision: 0.7381 val_precision: 0.7094 train_recall: 0.7324 val_recall: 0.6950 
[09/27/2020 10:24:33 AM] [INFO]: Model saved to path: model_weights/unet/exp1/epoch_48_27-09-2020_08:30:23.pth
[09/27/2020 10:26:55 AM] [INFO]: Epoch 49: train_loss: 0.2703 val_loss: 0.3152 train_iou: 0.5770 val_iou: 0.5306 train_accuracy: 0.9730 val_accuracy: 0.9702 train_precision: 0.7427 val_precision: 0.7376 train_recall: 0.7243 val_recall: 0.6539 
[09/27/2020 10:26:55 AM] [INFO]: Model saved to path: model_weights/unet/exp1/epoch_49_27-09-2020_08:30:23.pth
[09/27/2020 10:29:17 AM] [INFO]: Epoch 50: train_loss: 0.2687 val_loss: 0.3018 train_iou: 0.5791 val_iou: 0.5451 train_accuracy: 0.9729 val_accuracy: 0.9701 train_precision: 0.7417 val_precision: 0.7085 train_recall: 0.7275 val_recall: 0.7016 
[09/27/2020 10:29:18 AM] [INFO]: Model saved to path: model_weights/unet/exp1/epoch_50_27-09-2020_08:30:23.pth
